TN:
SF:C:/Users/chopra2/test-angular-5/aadhar-number-verification/src/polyfills.ts
FNF:0
FNH:0
DA:46,1
DA:74,1
LF:2
LH:2
BRF:0
BRH:0
end_of_record
TN:
SF:C:/Users/chopra2/test-angular-5/aadhar-number-verification/src/test.ts
FNF:0
FNH:0
DA:3,1
DA:4,1
DA:5,1
DA:13,1
DA:18,1
DA:20,1
LF:6
LH:6
BRF:0
BRH:0
end_of_record
TN:
SF:C:/Users/chopra2/test-angular-5/aadhar-number-verification/src/app/aadhar-number-info-fetch.service.ts
FN:10,(anonymous_2)
FN:13,AadharNumberInfoFetchService
FN:15,(anonymous_4)
FN:19,(anonymous_5)
FN:22,(anonymous_6)
FNF:5
FNH:4
FNDA:1,(anonymous_2)
FNDA:5,AadharNumberInfoFetchService
FNDA:2,(anonymous_4)
FNDA:0,(anonymous_5)
FNDA:2,(anonymous_6)
DA:1,1
DA:2,1
DA:3,1
DA:4,1
DA:10,1
DA:11,5
DA:13,5
DA:15,1
DA:16,2
DA:19,1
DA:20,0
DA:22,1
DA:23,2
DA:25,1
LF:14
LH:13
BRDA:20,0,0,0
BRDA:20,0,1,0
BRF:2
BRH:0
end_of_record
TN:
SF:C:/Users/chopra2/test-angular-5/aadhar-number-verification/src/app/app.component.ts
FN:8,(anonymous_1)
FN:3,AppComponent
FNF:2
FNH:1
FNDA:1,(anonymous_1)
FNDA:0,AppComponent
DA:1,1
DA:8,1
DA:9,0
DA:10,1
LF:4
LH:3
BRF:0
BRH:0
end_of_record
TN:
SF:C:/Users/chopra2/test-angular-5/aadhar-number-verification/src/app/verify-aadhar-number/verify-aadhar-number.component.ts
FN:9,(anonymous_2)
FN:18,VerifyAadharNumberComponent
FN:20,(anonymous_4)
FN:23,(anonymous_5)
FN:25,(anonymous_6)
FN:33,(anonymous_7)
FNF:6
FNH:3
FNDA:1,(anonymous_2)
FNDA:2,VerifyAadharNumberComponent
FNDA:2,(anonymous_4)
FNDA:0,(anonymous_5)
FNDA:0,(anonymous_6)
FNDA:0,(anonymous_7)
DA:1,1
DA:2,1
DA:9,1
DA:11,2
DA:13,2
DA:18,2
DA:20,1
DA:23,1
DA:24,0
DA:26,0
DA:27,0
DA:28,0
DA:29,0
DA:30,0
DA:33,0
DA:40,1
LF:16
LH:9
BRDA:28,0,0,0
BRDA:28,0,1,0
BRF:2
BRH:0
end_of_record
